# JRE version: OpenJDK Runtime Environment (17.0.10) (build 17.0.10+0--11572160)
# Java VM: OpenJDK 64-Bit Server VM (17.0.10+0--11572160, mixed mode, tiered, compressed oops, compressed class ptrs, g1 gc, windows-amd64)
GC Precious Log:
 CPUs: 4 total, 4 available
 Memory: 16264M
 Large Page Support: Disabled
 NUMA Support: Disabled
 Compressed Oops: Enabled (32-bit)
 Heap Region Size: 1M
 Heap Min Capacity: 8M
 Heap Initial Capacity: 256M
 Heap Max Capacity: 2G
 Pre-touch: Disabled
 Parallel Workers: 4
 Concurrent Workers: 1
 Concurrent Refinement Workers: 4
 Periodic GC: Disabled
Heap:
 garbage-first heap   total 424960K, used 355000K [0x0000000080000000, 0x0000000100000000)
  region size 1024K, 35 young (35840K), 6 survivors (6144K)
 Metaspace       used 123367K, committed 125312K, reserved 557056K
  class space    used 17236K, committed 18048K, reserved 425984K
GC Heap History (20 events):
Event: 194.464 GC heap before
{Heap before GC invocations=60 (full 0):
 garbage-first heap   total 424960K, used 319476K [0x0000000080000000, 0x0000000100000000)
  region size 1024K, 125 young (128000K), 13 survivors (13312K)
 Metaspace       used 113850K, committed 115392K, reserved 557056K
  class space    used 15901K, committed 16576K, reserved 425984K
}
Event: 194.524 GC heap after
{Heap after GC invocations=61 (full 0):
 garbage-first heap   total 424960K, used 223207K [0x0000000080000000, 0x0000000100000000)
  region size 1024K, 16 young (16384K), 16 survivors (16384K)
 Metaspace       used 113850K, committed 115392K, reserved 557056K
  class space    used 15901K, committed 16576K, reserved 425984K
}
Event: 200.189 GC heap before
{Heap before GC invocations=61 (full 0):
 garbage-first heap   total 424960K, used 332775K [0x0000000080000000, 0x0000000100000000)
  region size 1024K, 119 young (121856K), 16 survivors (16384K)
 Metaspace       used 114649K, committed 116288K, reserved 557056K
  class space    used 16020K, committed 16704K, reserved 425984K
}
Event: 200.253 GC heap after
{Heap after GC invocations=62 (full 0):
 garbage-first heap   total 424960K, used 253536K [0x0000000080000000, 0x0000000100000000)
  region size 1024K, 15 young (15360K), 15 survivors (15360K)
 Metaspace       used 114649K, committed 116288K, reserved 557056K
  class space    used 16020K, committed 16704K, reserved 425984K
}
Event: 206.678 GC heap before
{Heap before GC invocations=62 (full 0):
 garbage-first heap   total 424960K, used 336480K [0x0000000080000000, 0x0000000100000000)
  region size 1024K, 96 young (98304K), 15 survivors (15360K)
 Metaspace       used 116593K, committed 118336K, reserved 557056K
  class space    used 16300K, committed 17024K, reserved 425984K
}
Event: 206.741 GC heap after
{Heap after GC invocations=63 (full 0):
 garbage-first heap   total 424960K, used 267467K [0x0000000080000000, 0x0000000100000000)
  region size 1024K, 12 young (12288K), 12 survivors (12288K)
 Metaspace       used 116593K, committed 118336K, reserved 557056K
  class space    used 16300K, committed 17024K, reserved 425984K
}
Event: 213.594 GC heap before
{Heap before GC invocations=63 (full 0):
 garbage-first heap   total 424960K, used 342219K [0x0000000080000000, 0x0000000100000000)
  region size 1024K, 85 young (87040K), 12 survivors (12288K)
 Metaspace       used 120762K, committed 122560K, reserved 557056K
  class space    used 16893K, committed 17664K, reserved 425984K
}
Event: 213.652 GC heap after
{Heap after GC invocations=64 (full 0):
 garbage-first heap   total 424960K, used 279755K [0x0000000080000000, 0x0000000100000000)
  region size 1024K, 11 young (11264K), 11 survivors (11264K)
 Metaspace       used 120762K, committed 122560K, reserved 557056K
  class space    used 16893K, committed 17664K, reserved 425984K
}
Event: 216.722 GC heap before
{Heap before GC invocations=64 (full 0):
 garbage-first heap   total 424960K, used 347339K [0x0000000080000000, 0x0000000100000000)
  region size 1024K, 77 young (78848K), 11 survivors (11264K)
 Metaspace       used 121598K, committed 123392K, reserved 557056K
  class space    used 16974K, committed 17728K, reserved 425984K
}
Event: 216.769 GC heap after
{Heap after GC invocations=65 (full 0):
 garbage-first heap   total 424960K, used 290507K [0x0000000080000000, 0x0000000100000000)
  region size 1024K, 10 young (10240K), 10 survivors (10240K)
 Metaspace       used 121598K, committed 123392K, reserved 557056K
  class space    used 16974K, committed 17728K, reserved 425984K
}
Event: 218.062 GC heap before
{Heap before GC invocations=65 (full 0):
 garbage-first heap   total 424960K, used 350923K [0x0000000080000000, 0x0000000100000000)
  region size 1024K, 69 young (70656K), 10 survivors (10240K)
 Metaspace       used 121885K, committed 123648K, reserved 557056K
  class space    used 16995K, committed 17728K, reserved 425984K
}
Event: 218.120 GC heap after
{Heap after GC invocations=66 (full 0):
 garbage-first heap   total 424960K, used 298699K [0x0000000080000000, 0x0000000100000000)
  region size 1024K, 7 young (7168K), 7 survivors (7168K)
 Metaspace       used 121885K, committed 123648K, reserved 557056K
  class space    used 16995K, committed 17728K, reserved 425984K
}
Event: 219.318 GC heap before
{Heap before GC invocations=66 (full 0):
 garbage-first heap   total 424960K, used 356043K [0x0000000080000000, 0x0000000100000000)
  region size 1024K, 63 young (64512K), 7 survivors (7168K)
 Metaspace       used 122061K, committed 123904K, reserved 557056K
  class space    used 17020K, committed 17792K, reserved 425984K
}
Event: 219.352 GC heap after
{Heap after GC invocations=67 (full 0):
 garbage-first heap   total 424960K, used 304843K [0x0000000080000000, 0x0000000100000000)
  region size 1024K, 6 young (6144K), 6 survivors (6144K)
 Metaspace       used 122061K, committed 123904K, reserved 557056K
  class space    used 17020K, committed 17792K, reserved 425984K
}
Event: 222.370 GC heap before
{Heap before GC invocations=67 (full 0):
 garbage-first heap   total 424960K, used 359115K [0x0000000080000000, 0x0000000100000000)
  region size 1024K, 59 young (60416K), 6 survivors (6144K)
 Metaspace       used 122113K, committed 123968K, reserved 557056K
  class space    used 17023K, committed 17792K, reserved 425984K
}
Event: 222.396 GC heap after
{Heap after GC invocations=68 (full 0):
 garbage-first heap   total 424960K, used 309572K [0x0000000080000000, 0x0000000100000000)
  region size 1024K, 6 young (6144K), 6 survivors (6144K)
 Metaspace       used 122113K, committed 123968K, reserved 557056K
  class space    used 17023K, committed 17792K, reserved 425984K
}
Event: 224.590 GC heap before
{Heap before GC invocations=68 (full 0):
 garbage-first heap   total 424960K, used 361796K [0x0000000080000000, 0x0000000100000000)
  region size 1024K, 57 young (58368K), 6 survivors (6144K)
 Metaspace       used 122471K, committed 124352K, reserved 557056K
  class space    used 17069K, committed 17856K, reserved 425984K
}
Event: 224.624 GC heap after
{Heap after GC invocations=69 (full 0):
 garbage-first heap   total 424960K, used 317980K [0x0000000080000000, 0x0000000100000000)
  region size 1024K, 8 young (8192K), 8 survivors (8192K)
 Metaspace       used 122471K, committed 124352K, reserved 557056K
  class space    used 17069K, committed 17856K, reserved 425984K
}
Event: 228.333 GC heap before
{Heap before GC invocations=69 (full 0):
 garbage-first heap   total 424960K, used 362012K [0x0000000080000000, 0x0000000100000000)
  region size 1024K, 52 young (53248K), 8 survivors (8192K)
 Metaspace       used 123361K, committed 125312K, reserved 557056K
  class space    used 17236K, committed 18048K, reserved 425984K
}
Event: 228.355 GC heap after
{Heap after GC invocations=70 (full 0):
 garbage-first heap   total 424960K, used 324280K [0x0000000080000000, 0x0000000100000000)
  region size 1024K, 6 young (6144K), 6 survivors (6144K)
 Metaspace       used 123361K, committed 125312K, reserved 557056K
  class space    used 17236K, committed 18048K, reserved 425984K
}

